1581042326 INTERNAL *** MONITORD_STARTED ***
1581042323 INTERNAL *** DAGMAN_STARTED 11001061.0 ***
1581042327 create_dir_split_0_local-hcc SUBMIT 11001062.0 local - 1
1581042328 create_dir_split_0_local-hcc EXECUTE 11001062.0 local - 1
1581042331 create_dir_split_0_local-hcc JOB_TERMINATED 11001062.0 local - 1
1581042332 create_dir_split_0_local-hcc JOB_SUCCESS 0 local - 1
1581042332 create_dir_split_0_local-hcc POST_SCRIPT_STARTED 11001062.0 local - 1
1581042333 create_dir_split_0_local-hcc POST_SCRIPT_TERMINATED 11001062.0 local - 1
1581042337 create_dir_split_0_local-hcc POST_SCRIPT_SUCCESS 0 local - 1
1581042342 stage_in_local_local-hcc_1_0 SUBMIT 11001063.0 local - 2
1581042342 stage_in_local_local-hcc_1_0 EXECUTE 11001063.0 local - 2
1581042342 python3_ID0000003 SUBMIT 11001064.0 local-hcc - 3
1581042342 python3_ID0000001 SUBMIT 11001065.0 local-hcc - 4
1581042345 stage_in_local_local-hcc_1_0 JOB_TERMINATED 11001063.0 local - 2
1581042347 stage_in_local_local-hcc_1_0 JOB_SUCCESS 0 local - 2
1581042347 stage_in_local_local-hcc_1_0 POST_SCRIPT_STARTED 11001063.0 local - 2
1581042347 stage_in_local_local-hcc_1_0 POST_SCRIPT_TERMINATED 11001063.0 local - 2
1581042352 stage_in_local_local-hcc_1_0 POST_SCRIPT_SUCCESS 0 local - 2
1581042357 python3_ID0000001 GRID_SUBMIT 11001065.0 local-hcc - 4
1581042357 python3_ID0000003 GRID_SUBMIT 11001064.0 local-hcc - 3
1581043249 INTERNAL *** DAGMAN_FINISHED 2 ***
1581043251 INTERNAL *** MONITORD_FINISHED 0 ***
