2020-02-06 20:25:24,227:INFO:pegasus-monitord(70): pegasus-monitord starting - pid 4100000 
2020-02-06 20:25:24,249:INFO:pegasus-monitord(322): Final Command line options are: ['-N', 'split-0.dag.dagman.out']
2020-02-06 20:25:24,256:INFO:Pegasus.monitoring.event_output(468): Connecting workflow event sink to sqlite:////lustre/work/csesd/pnnguyen/plant-phenotyping/pics2predictions/submit/pnnguyen/pegasus/split/20200206T202520-0600/split-0.stampede.db
Created Pegasus database in: sqlite:////lustre/work/csesd/pnnguyen/plant-phenotyping/pics2predictions/submit/pnnguyen/pegasus/split/20200206T202520-0600/split-0.stampede.db
2020-02-06 20:25:25,888:INFO:Pegasus.monitoring.event_output(528): output type=DB namespace=stampede. name=sqlite:////lustre/work/csesd/pnnguyen/plant-phenotyping/pics2predictions/submit/pnnguyen/pegasus/split/20200206T202520-0600/split-0.stampede.db
2020-02-06 20:25:25,888:INFO:Pegasus.monitoring.event_output(468): Connecting workflow event sink to sqlite:////home/csesd/pnnguyen/.pegasus/workflow.db
2020-02-06 20:25:26,002:INFO:Pegasus.monitoring.event_output(528): output type=DB namespace=dashboard. name=sqlite:////home/csesd/pnnguyen/.pegasus/workflow.db
2020-02-06 20:25:26,002:INFO:pegasus-monitord(1016): monitord started in fast start mode
2020-02-06 20:25:26,051:INFO:Pegasus.monitoring.workflow(372): cannot open state file /lustre/work/csesd/pnnguyen/plant-phenotyping/pics2predictions/submit/pnnguyen/pegasus/split/20200206T202520-0600/monitord.info, continuing without state...
2020-02-06 20:25:26,052:INFO:Pegasus.monitoring.workflow(970): creating new file /lustre/work/csesd/pnnguyen/plant-phenotyping/pics2predictions/submit/pnnguyen/pegasus/split/20200206T202520-0600/jobstate.log
2020-02-06 20:25:26,052:INFO:Pegasus.monitoring.workflow(978): Appending to existing jobstate.log replay_mode 0 previous_processed_line 0
2020-02-06 20:25:26,054:INFO:Pegasus.monitoring.notifications(394): loading notifications from /lustre/work/csesd/pnnguyen/plant-phenotyping/pics2predictions/submit/pnnguyen/pegasus/split/20200206T202520-0600/split-0.notify
2020-02-06 20:25:26,382:INFO:Pegasus.monitoring.workflow(179): Parsing DAG file /lustre/work/csesd/pnnguyen/plant-phenotyping/pics2predictions/submit/pnnguyen/pegasus/split/20200206T202520-0600/split-0.dag
2020-02-06 20:25:26,384:INFO:pegasus-monitord(783): Using DAGMan version 8.8.7 80807
2020-02-06 20:25:26,384:INFO:pegasus-monitord(759): DAGMan runs at pid 4099998
2020-02-06 20:25:26,389:INFO:pegasus-monitord(765): using dag split-0.dag
2020-02-06 20:25:26,389:INFO:Pegasus.monitoring.workflow(688): DAGMan starting with condor id 11001061.0
2020-02-06 20:40:49,781:WARNING:pegasus-monitord(829): DAGMan was aborted for workflow running in directory /lustre/work/csesd/pnnguyen/plant-phenotyping/pics2predictions/submit/pnnguyen/pegasus/split/20200206T202520-0600
2020-02-06 20:40:49,784:INFO:pegasus-monitord(739): DAGMan split-0.dag finished with exit code 2
2020-02-06 20:40:51,036:INFO:pegasus-monitord(1175): workflow /lustre/work/csesd/pnnguyen/plant-phenotyping/pics2predictions/submit/pnnguyen/pegasus/split/20200206T202520-0600/split-0.dag.dagman.out ended
2020-02-06 20:40:51,040:INFO:Pegasus.monitoring.workflow(1153): recovery file deleted: /lustre/work/csesd/pnnguyen/plant-phenotyping/pics2predictions/submit/pnnguyen/pegasus/split/20200206T202520-0600/monitord.recover
2020-02-06 20:40:51,042:INFO:pegasus-monitord(1349): finishing workflow: /lustre/work/csesd/pnnguyen/plant-phenotyping/pics2predictions/submit/pnnguyen/pegasus/split/20200206T202520-0600/split-0.dag.dagman.out
2020-02-06 20:40:51,042:INFO:pegasus-monitord(1401): finishing notifications...
2020-02-06 20:40:51,042:INFO:pegasus-monitord(1406): monitord process 4100000 exiting with 0
2020-02-06 20:40:51,043:INFO:pegasus-monitord(185): DB flushing beginning
2020-02-06 20:40:51,044:INFO:Pegasus.db.workflow_loader.WorkflowLoader(1102): Executing final flush
2020-02-06 20:40:51,070:INFO:Pegasus.db.dashboard_loader.DashboardLoader(353): Executing final flush
2020-02-06 20:40:51,168:INFO:pegasus-monitord(199): DB flushing ended
