000 (11001062.000.000) 02/06 20:25:27 Job submitted from host: <129.93.227.113:9619?addrs=129.93.227.113-9619&noUDP&sock=13749_d1bd_3>
    DAG Node: create_dir_split_0_local-hcc
    pool:local
...
001 (11001062.000.000) 02/06 20:25:28 Job executing on host: <129.93.227.113:9619?addrs=129.93.227.113-9619&noUDP&sock=13853_710c_122>
...
005 (11001062.000.000) 02/06 20:25:31 Job terminated.
	(1) Normal termination (return value 0)
		Usr 0 00:00:00, Sys 0 00:00:00  -  Run Remote Usage
		Usr 0 00:00:00, Sys 0 00:00:00  -  Run Local Usage
		Usr 0 00:00:00, Sys 0 00:00:00  -  Total Remote Usage
		Usr 0 00:00:00, Sys 0 00:00:00  -  Total Local Usage
	0  -  Run Bytes Sent By Job
	0  -  Run Bytes Received By Job
	0  -  Total Bytes Sent By Job
	0  -  Total Bytes Received By Job
...
016 (11001062.000.000) 02/06 20:25:33 POST Script terminated.
	(1) Normal termination (return value 0)
    DAG Node: create_dir_split_0_local-hcc
...
000 (11001063.000.000) 02/06 20:25:42 Job submitted from host: <129.93.227.113:9619?addrs=129.93.227.113-9619&noUDP&sock=13749_d1bd_3>
    DAG Node: stage_in_local_local-hcc_1_0
    pool:local
...
001 (11001063.000.000) 02/06 20:25:42 Job executing on host: <129.93.227.113:9619?addrs=129.93.227.113-9619&noUDP&sock=13853_710c_123>
...
000 (11001064.000.000) 02/06 20:25:42 Job submitted from host: <129.93.227.113:9619?addrs=129.93.227.113-9619&noUDP&sock=13749_d1bd_3>
    DAG Node: python3_ID0000003
    pool:local-hcc
...
000 (11001065.000.000) 02/06 20:25:42 Job submitted from host: <129.93.227.113:9619?addrs=129.93.227.113-9619&noUDP&sock=13749_d1bd_3>
    DAG Node: python3_ID0000001
    pool:local-hcc
...
005 (11001063.000.000) 02/06 20:25:45 Job terminated.
	(1) Normal termination (return value 0)
		Usr 0 00:00:00, Sys 0 00:00:00  -  Run Remote Usage
		Usr 0 00:00:00, Sys 0 00:00:00  -  Run Local Usage
		Usr 0 00:00:00, Sys 0 00:00:00  -  Total Remote Usage
		Usr 0 00:00:00, Sys 0 00:00:00  -  Total Local Usage
	0  -  Run Bytes Sent By Job
	0  -  Run Bytes Received By Job
	0  -  Total Bytes Sent By Job
	0  -  Total Bytes Received By Job
...
016 (11001063.000.000) 02/06 20:25:47 POST Script terminated.
	(1) Normal termination (return value 0)
    DAG Node: stage_in_local_local-hcc_1_0
...
027 (11001065.000.000) 02/06 20:25:57 Job submitted to grid resource
    GridResource: batch slurm
    GridJobId: batch slurm crane.unl.edu_9619_login.crane.hcc.unl.edu#11001065.0#1581042342 slurm/20200206/25073663
...
027 (11001064.000.000) 02/06 20:25:57 Job submitted to grid resource
    GridResource: batch slurm
    GridJobId: batch slurm crane.unl.edu_9619_login.crane.hcc.unl.edu#11001064.0#1581042342 slurm/20200206/25073664
...
009 (11001064.000.000) 02/06 20:40:54 Job was aborted by the user.
	removed because <OtherJobRemoveRequirements = DAGManJobId =?= 11001061> fired when job (11001061.0) was removed
...
009 (11001065.000.000) 02/06 20:40:54 Job was aborted by the user.
	removed because <OtherJobRemoveRequirements = DAGManJobId =?= 11001061> fired when job (11001061.0) was removed
...
