2019-11-14 09:19:45,895:INFO:pegasus-monitord(70): pegasus-monitord starting - pid 4054749 
2019-11-14 09:19:45,910:INFO:pegasus-monitord(322): Final Command line options are: ['-N', 'split-0.dag.dagman.out']
2019-11-14 09:19:45,918:INFO:Pegasus.monitoring.event_output(468): Connecting workflow event sink to sqlite:////lustre/work/csesd/pnnguyen/pics2predictions/submit/pnnguyen/pegasus/split/20191114T091938-0600/split-0.stampede.db
Created Pegasus database in: sqlite:////lustre/work/csesd/pnnguyen/pics2predictions/submit/pnnguyen/pegasus/split/20191114T091938-0600/split-0.stampede.db
2019-11-14 09:19:47,232:INFO:Pegasus.monitoring.event_output(528): output type=DB namespace=stampede. name=sqlite:////lustre/work/csesd/pnnguyen/pics2predictions/submit/pnnguyen/pegasus/split/20191114T091938-0600/split-0.stampede.db
2019-11-14 09:19:47,233:INFO:Pegasus.monitoring.event_output(468): Connecting workflow event sink to sqlite:////home/csesd/pnnguyen/.pegasus/workflow.db
2019-11-14 09:19:47,349:INFO:Pegasus.monitoring.event_output(528): output type=DB namespace=dashboard. name=sqlite:////home/csesd/pnnguyen/.pegasus/workflow.db
2019-11-14 09:19:47,349:INFO:pegasus-monitord(1016): monitord started in fast start mode
2019-11-14 09:19:47,434:INFO:Pegasus.monitoring.workflow(372): cannot open state file /lustre/work/csesd/pnnguyen/pics2predictions/submit/pnnguyen/pegasus/split/20191114T091938-0600/monitord.info, continuing without state...
2019-11-14 09:19:47,434:INFO:Pegasus.monitoring.workflow(970): creating new file /lustre/work/csesd/pnnguyen/pics2predictions/submit/pnnguyen/pegasus/split/20191114T091938-0600/jobstate.log
2019-11-14 09:19:47,434:INFO:Pegasus.monitoring.workflow(978): Appending to existing jobstate.log replay_mode 0 previous_processed_line 0
2019-11-14 09:19:47,436:INFO:Pegasus.monitoring.notifications(394): loading notifications from /lustre/work/csesd/pnnguyen/pics2predictions/submit/pnnguyen/pegasus/split/20191114T091938-0600/split-0.notify
2019-11-14 09:19:47,739:INFO:Pegasus.monitoring.workflow(179): Parsing DAG file /lustre/work/csesd/pnnguyen/pics2predictions/submit/pnnguyen/pegasus/split/20191114T091938-0600/split-0.dag
2019-11-14 09:19:47,742:INFO:pegasus-monitord(783): Using DAGMan version 8.6.13 80613
2019-11-14 09:19:47,743:INFO:pegasus-monitord(759): DAGMan runs at pid 4054748
2019-11-14 09:19:47,748:INFO:pegasus-monitord(765): using dag split-0.dag
2019-11-14 09:19:47,748:INFO:Pegasus.monitoring.workflow(688): DAGMan starting with condor id 10796859.0
2019-11-14 09:26:15,408:INFO:Pegasus.monitoring.workflow(2121): Populating locations corresponding to succeeded registration job  /lustre/work/csesd/pnnguyen/pics2predictions/submit/pnnguyen/pegasus/split/20191114T091938-0600/00/00/register_local-hcc_1_0.in 
2019-11-14 09:26:15,412:INFO:pegasus-monitord(739): DAGMan split-0.dag finished with exit code 0
2019-11-14 09:26:16,425:INFO:pegasus-monitord(1175): workflow /lustre/work/csesd/pnnguyen/pics2predictions/submit/pnnguyen/pegasus/split/20191114T091938-0600/split-0.dag.dagman.out ended
2019-11-14 09:26:16,431:INFO:Pegasus.monitoring.workflow(1153): recovery file deleted: /lustre/work/csesd/pnnguyen/pics2predictions/submit/pnnguyen/pegasus/split/20191114T091938-0600/monitord.recover
2019-11-14 09:26:16,434:INFO:pegasus-monitord(1349): finishing workflow: /lustre/work/csesd/pnnguyen/pics2predictions/submit/pnnguyen/pegasus/split/20191114T091938-0600/split-0.dag.dagman.out
2019-11-14 09:26:16,434:INFO:pegasus-monitord(1401): finishing notifications...
2019-11-14 09:26:16,434:INFO:pegasus-monitord(1406): monitord process 4054749 exiting with 0
2019-11-14 09:26:16,444:INFO:pegasus-monitord(185): DB flushing beginning
2019-11-14 09:26:16,444:INFO:Pegasus.db.workflow_loader.WorkflowLoader(1102): Executing final flush
2019-11-14 09:26:16,508:INFO:Pegasus.db.dashboard_loader.DashboardLoader(353): Executing final flush
2019-11-14 09:26:16,508:INFO:pegasus-monitord(199): DB flushing ended
