11/14/19 09:19:45 ******************************************************
11/14/19 09:19:45 ** condor_scheduniv_exec.10796859.0 (CONDOR_DAGMAN) STARTING UP
11/14/19 09:19:45 ** /usr/bin/condor_dagman
11/14/19 09:19:45 ** SubsystemInfo: name=DAGMAN type=DAGMAN(10) class=DAEMON(1)
11/14/19 09:19:45 ** Configuration: subsystem:DAGMAN local:<NONE> class:DAEMON
11/14/19 09:19:45 ** $CondorVersion: 8.6.13 May 16 2019 $
11/14/19 09:19:45 ** $CondorPlatform: X86_64-CentOS_6.10 $
11/14/19 09:19:45 ** PID = 4054748
11/14/19 09:19:45 ** Log last touched time unavailable (No such file or directory)
11/14/19 09:19:45 ******************************************************
11/14/19 09:19:45 Using config source: /etc/condor/condor_config
11/14/19 09:19:45 Using local config sources: 
11/14/19 09:19:45    /etc/condor/config.d/00-restart_peaceful.config
11/14/19 09:19:45    /etc/condor/config.d/10-batch_gahp_blahp.config
11/14/19 09:19:45    /etc/condor/config.d/99_crane.conf
11/14/19 09:19:45    /etc/condor/config.d/99_gratia.conf
11/14/19 09:19:45    /etc/condor/config.d/99_local.conf
11/14/19 09:19:45    /etc/condor/config.d/99_local_batch.conf
11/14/19 09:19:45    /etc/condor/config.d/99_osg.conf
11/14/19 09:19:45    /etc/condor/condor_config.local
11/14/19 09:19:45 config Macros = 93, Sorted = 93, StringBytes = 3211, TablesBytes = 3452
11/14/19 09:19:45 CLASSAD_CACHING is ENABLED
11/14/19 09:19:45 Daemon Log is logging: D_ALWAYS D_ERROR
11/14/19 09:19:45 DaemonCore: No command port requested.
11/14/19 09:19:45 DAGMAN_USE_STRICT setting: 1
11/14/19 09:19:45 DAGMAN_VERBOSITY setting: 3
11/14/19 09:19:45 DAGMAN_DEBUG_CACHE_SIZE setting: 5242880
11/14/19 09:19:45 DAGMAN_DEBUG_CACHE_ENABLE setting: False
11/14/19 09:19:45 DAGMAN_SUBMIT_DELAY setting: 0
11/14/19 09:19:45 DAGMAN_MAX_SUBMIT_ATTEMPTS setting: 6
11/14/19 09:19:45 DAGMAN_STARTUP_CYCLE_DETECT setting: False
11/14/19 09:19:45 DAGMAN_MAX_SUBMITS_PER_INTERVAL setting: 5
11/14/19 09:19:45 DAGMAN_USER_LOG_SCAN_INTERVAL setting: 5
11/14/19 09:19:45 DAGMAN_DEFAULT_PRIORITY setting: 0
11/14/19 09:19:45 DAGMAN_SUPPRESS_NOTIFICATION setting: True
11/14/19 09:19:45 allow_events (DAGMAN_ALLOW_EVENTS) setting: 114
11/14/19 09:19:45 DAGMAN_RETRY_SUBMIT_FIRST setting: True
11/14/19 09:19:45 DAGMAN_RETRY_NODE_FIRST setting: False
11/14/19 09:19:45 DAGMAN_MAX_JOBS_IDLE setting: 1000
11/14/19 09:19:45 DAGMAN_MAX_JOBS_SUBMITTED setting: 0
11/14/19 09:19:45 DAGMAN_MAX_PRE_SCRIPTS setting: 20
11/14/19 09:19:45 DAGMAN_MAX_POST_SCRIPTS setting: 20
11/14/19 09:19:45 DAGMAN_MUNGE_NODE_NAMES setting: True
11/14/19 09:19:45 DAGMAN_PROHIBIT_MULTI_JOBS setting: False
11/14/19 09:19:45 DAGMAN_SUBMIT_DEPTH_FIRST setting: False
11/14/19 09:19:45 DAGMAN_ALWAYS_RUN_POST setting: False
11/14/19 09:19:45 DAGMAN_ABORT_DUPLICATES setting: True
11/14/19 09:19:45 DAGMAN_ABORT_ON_SCARY_SUBMIT setting: True
11/14/19 09:19:45 DAGMAN_PENDING_REPORT_INTERVAL setting: 600
11/14/19 09:19:45 DAGMAN_AUTO_RESCUE setting: True
11/14/19 09:19:45 DAGMAN_MAX_RESCUE_NUM setting: 100
11/14/19 09:19:45 DAGMAN_WRITE_PARTIAL_RESCUE setting: True
11/14/19 09:19:45 DAGMAN_DEFAULT_NODE_LOG setting: @(DAG_DIR)/@(DAG_FILE).nodes.log
11/14/19 09:19:45 DAGMAN_GENERATE_SUBDAG_SUBMITS setting: True
11/14/19 09:19:45 DAGMAN_MAX_JOB_HOLDS setting: 100
11/14/19 09:19:45 DAGMAN_HOLD_CLAIM_TIME setting: 20
11/14/19 09:19:45 ALL_DEBUG setting: 
11/14/19 09:19:45 DAGMAN_DEBUG setting: 
11/14/19 09:19:45 DAGMAN_SUPPRESS_JOB_LOGS setting: False
11/14/19 09:19:45 DAGMAN_REMOVE_NODE_JOBS setting: True
11/14/19 09:19:45 argv[0] == "condor_scheduniv_exec.10796859.0"
11/14/19 09:19:45 argv[1] == "-Lockfile"
11/14/19 09:19:45 argv[2] == "split-0.dag.lock"
11/14/19 09:19:45 argv[3] == "-AutoRescue"
11/14/19 09:19:45 argv[4] == "1"
11/14/19 09:19:45 argv[5] == "-DoRescueFrom"
11/14/19 09:19:45 argv[6] == "0"
11/14/19 09:19:45 argv[7] == "-Dag"
11/14/19 09:19:45 argv[8] == "split-0.dag"
11/14/19 09:19:45 argv[9] == "-MaxPost"
11/14/19 09:19:45 argv[10] == "20"
11/14/19 09:19:45 argv[11] == "-Suppress_notification"
11/14/19 09:19:45 argv[12] == "-CsdVersion"
11/14/19 09:19:45 argv[13] == "$CondorVersion: 8.6.13 May 16 2019 $"
11/14/19 09:19:45 argv[14] == "-Dagman"
11/14/19 09:19:45 argv[15] == "/usr/bin/condor_dagman"
11/14/19 09:19:45 Workflow batch-name: <split-0.dag+10796859>
11/14/19 09:19:45 Workflow accounting_group: <>
11/14/19 09:19:45 Workflow accounting_group_user: <>
11/14/19 09:19:45 Warning: failed to get attribute DAGNodeName
11/14/19 09:19:45 DAGMAN_LOG_ON_NFS_IS_ERROR setting: False
11/14/19 09:19:45 Default node log file is: </lustre/work/csesd/pnnguyen/pics2predictions/submit/pnnguyen/pegasus/split/20191114T091938-0600/./split-0.dag.nodes.log>
11/14/19 09:19:45 DAG Lockfile will be written to split-0.dag.lock
11/14/19 09:19:45 DAG Input file is split-0.dag
11/14/19 09:19:45 Parsing 1 dagfiles
11/14/19 09:19:45 Parsing split-0.dag ...
11/14/19 09:19:45 Warning: category cleanup has no assigned nodes, so the throttle setting (4) will have no effect
11/14/19 09:19:45 Dag contains 13 total jobs
11/14/19 09:19:45 Sleeping for 3 seconds to ensure ProcessId uniqueness
11/14/19 09:19:48 Bootstrapping...
11/14/19 09:19:48 Number of pre-completed nodes: 0
11/14/19 09:19:48 MultiLogFiles: truncating log file /lustre/work/csesd/pnnguyen/pics2predictions/submit/pnnguyen/pegasus/split/20191114T091938-0600/./split-0.dag.nodes.log
11/14/19 09:19:48 DAG status: 0 (DAG_STATUS_OK)
11/14/19 09:19:48 Of 13 nodes total:
11/14/19 09:19:48  Done     Pre   Queued    Post   Ready   Un-Ready   Failed
11/14/19 09:19:48   ===     ===      ===     ===     ===        ===      ===
11/14/19 09:19:48     0       0        0       0       1         12        0
11/14/19 09:19:48 0 job proc(s) currently held
11/14/19 09:19:48 Registering condor_event_timer...
11/14/19 09:19:49 Submitting HTCondor Node create_dir_split_0_local-hcc job(s)...
11/14/19 09:19:49 Adding a DAGMan workflow log /lustre/work/csesd/pnnguyen/pics2predictions/submit/pnnguyen/pegasus/split/20191114T091938-0600/./split-0.dag.nodes.log
11/14/19 09:19:49 Masking the events recorded in the DAGMAN workflow log
11/14/19 09:19:49 Mask for workflow log is 0,1,2,4,5,7,9,10,11,12,13,16,17,24,27
11/14/19 09:19:49 submitting: /usr/bin/condor_submit -a dag_node_name' '=' 'create_dir_split_0_local-hcc -a +DAGManJobId' '=' '10796859 -a DAGManJobId' '=' '10796859 -batch-name split-0.dag+10796859 -a submit_event_notes' '=' 'DAG' 'Node:' 'create_dir_split_0_local-hcc -a dagman_log' '=' '/lustre/work/csesd/pnnguyen/pics2predictions/submit/pnnguyen/pegasus/split/20191114T091938-0600/./split-0.dag.nodes.log -a +DAGManNodesMask' '=' '"0,1,2,4,5,7,9,10,11,12,13,16,17,24,27" -a priority=800 -a +DAGNodeRetry' '=' '0 -a DAG_STATUS' '=' '0 -a FAILED_COUNT' '=' '0 -a +KeepClaimIdle' '=' '20 -a notification' '=' 'never -a +DAGParentNodeNames' '=' '"" 00/00/create_dir_split_0_local-hcc.sub
11/14/19 09:19:49 From submit: Submitting job(s).
11/14/19 09:19:49 From submit: 1 job(s) submitted to cluster 10796860.
11/14/19 09:19:49 	assigned HTCondor ID (10796860.0.0)
11/14/19 09:19:49 Just submitted 1 job this cycle...
11/14/19 09:19:49 DAG status: 0 (DAG_STATUS_OK)
11/14/19 09:19:49 Of 13 nodes total:
11/14/19 09:19:49  Done     Pre   Queued    Post   Ready   Un-Ready   Failed
11/14/19 09:19:49   ===     ===      ===     ===     ===        ===      ===
11/14/19 09:19:49     0       0        1       0       0         12        0
11/14/19 09:19:49 0 job proc(s) currently held
11/14/19 09:19:54 Currently monitoring 1 HTCondor log file(s)
11/14/19 09:19:54 Reassigning the id of job create_dir_split_0_local-hcc from (10796860.0.0) to (10796860.0.0)
11/14/19 09:19:54 Event: ULOG_SUBMIT for HTCondor Node create_dir_split_0_local-hcc (10796860.0.0) {11/14/19 09:19:49}
11/14/19 09:19:54 Number of idle job procs: 1
11/14/19 09:19:59 Currently monitoring 1 HTCondor log file(s)
11/14/19 09:19:59 Event: ULOG_EXECUTE for HTCondor Node create_dir_split_0_local-hcc (10796860.0.0) {11/14/19 09:19:58}
11/14/19 09:19:59 Number of idle job procs: 0
11/14/19 09:20:04 Currently monitoring 1 HTCondor log file(s)
11/14/19 09:20:04 Event: ULOG_JOB_TERMINATED for HTCondor Node create_dir_split_0_local-hcc (10796860.0.0) {11/14/19 09:20:01}
11/14/19 09:20:04 Number of idle job procs: 0
11/14/19 09:20:04 Node create_dir_split_0_local-hcc job proc (10796860.0.0) completed successfully.
11/14/19 09:20:04 Node create_dir_split_0_local-hcc job completed
11/14/19 09:20:04 Running POST script of Node create_dir_split_0_local-hcc...
11/14/19 09:20:04 Warning: mysin has length 0 (ignore if produced by DAGMan; see gittrac #4987, #5031)
11/14/19 09:20:04 DAG status: 0 (DAG_STATUS_OK)
11/14/19 09:20:04 Of 13 nodes total:
11/14/19 09:20:04  Done     Pre   Queued    Post   Ready   Un-Ready   Failed
11/14/19 09:20:04   ===     ===      ===     ===     ===        ===      ===
11/14/19 09:20:04     0       0        0       1       0         12        0
11/14/19 09:20:04 0 job proc(s) currently held
11/14/19 09:20:04 Initializing user log writer for /lustre/work/csesd/pnnguyen/pics2predictions/submit/pnnguyen/pegasus/split/20191114T091938-0600/./split-0.dag.nodes.log, (10796860.0.0)
11/14/19 09:20:09 Currently monitoring 1 HTCondor log file(s)
11/14/19 09:20:09 Event: ULOG_POST_SCRIPT_TERMINATED for HTCondor Node create_dir_split_0_local-hcc (10796860.0.0) {11/14/19 09:20:04}
11/14/19 09:20:09 POST Script of node create_dir_split_0_local-hcc completed successfully.
11/14/19 09:20:09 DAG status: 0 (DAG_STATUS_OK)
11/14/19 09:20:09 Of 13 nodes total:
11/14/19 09:20:09  Done     Pre   Queued    Post   Ready   Un-Ready   Failed
11/14/19 09:20:09   ===     ===      ===     ===     ===        ===      ===
11/14/19 09:20:09     1       0        0       0       5          7        0
11/14/19 09:20:09 0 job proc(s) currently held
11/14/19 09:20:15 Submitting HTCondor Node stage_in_local_local-hcc_1_0 job(s)...
11/14/19 09:20:15 Adding a DAGMan workflow log /lustre/work/csesd/pnnguyen/pics2predictions/submit/pnnguyen/pegasus/split/20191114T091938-0600/./split-0.dag.nodes.log
11/14/19 09:20:15 Masking the events recorded in the DAGMAN workflow log
11/14/19 09:20:15 Mask for workflow log is 0,1,2,4,5,7,9,10,11,12,13,16,17,24,27
11/14/19 09:20:15 submitting: /usr/bin/condor_submit -a dag_node_name' '=' 'stage_in_local_local-hcc_1_0 -a +DAGManJobId' '=' '10796859 -a DAGManJobId' '=' '10796859 -batch-name split-0.dag+10796859 -a submit_event_notes' '=' 'DAG' 'Node:' 'stage_in_local_local-hcc_1_0 -a dagman_log' '=' '/lustre/work/csesd/pnnguyen/pics2predictions/submit/pnnguyen/pegasus/split/20191114T091938-0600/./split-0.dag.nodes.log -a +DAGManNodesMask' '=' '"0,1,2,4,5,7,9,10,11,12,13,16,17,24,27" -a priority=700 -a +DAGNodeRetry' '=' '0 -a DAG_STATUS' '=' '0 -a FAILED_COUNT' '=' '0 -a +KeepClaimIdle' '=' '20 -a notification' '=' 'never -a +DAGParentNodeNames' '=' '"create_dir_split_0_local-hcc" 00/00/stage_in_local_local-hcc_1_0.sub
11/14/19 09:20:15 From submit: Submitting job(s).
11/14/19 09:20:15 From submit: 1 job(s) submitted to cluster 10796861.
11/14/19 09:20:15 	assigned HTCondor ID (10796861.0.0)
11/14/19 09:20:15 Submitting HTCondor Node python3_ID0000003 job(s)...
11/14/19 09:20:15 Adding a DAGMan workflow log /lustre/work/csesd/pnnguyen/pics2predictions/submit/pnnguyen/pegasus/split/20191114T091938-0600/./split-0.dag.nodes.log
11/14/19 09:20:15 Masking the events recorded in the DAGMAN workflow log
11/14/19 09:20:15 Mask for workflow log is 0,1,2,4,5,7,9,10,11,12,13,16,17,24,27
11/14/19 09:20:15 submitting: /usr/bin/condor_submit -a dag_node_name' '=' 'python3_ID0000003 -a +DAGManJobId' '=' '10796859 -a DAGManJobId' '=' '10796859 -batch-name split-0.dag+10796859 -a submit_event_notes' '=' 'DAG' 'Node:' 'python3_ID0000003 -a dagman_log' '=' '/lustre/work/csesd/pnnguyen/pics2predictions/submit/pnnguyen/pegasus/split/20191114T091938-0600/./split-0.dag.nodes.log -a +DAGManNodesMask' '=' '"0,1,2,4,5,7,9,10,11,12,13,16,17,24,27" -a priority=10 -a +DAGNodeRetry' '=' '0 -a DAG_STATUS' '=' '0 -a FAILED_COUNT' '=' '0 -a +KeepClaimIdle' '=' '20 -a notification' '=' 'never -a +DAGParentNodeNames' '=' '"create_dir_split_0_local-hcc" 00/00/python3_ID0000003.sub
11/14/19 09:20:16 From submit: Submitting job(s).
11/14/19 09:20:16 From submit: 1 job(s) submitted to cluster 10796862.
11/14/19 09:20:16 	assigned HTCondor ID (10796862.0.0)
11/14/19 09:20:16 Submitting HTCondor Node python3_ID0000005 job(s)...
11/14/19 09:20:16 Adding a DAGMan workflow log /lustre/work/csesd/pnnguyen/pics2predictions/submit/pnnguyen/pegasus/split/20191114T091938-0600/./split-0.dag.nodes.log
11/14/19 09:20:16 Masking the events recorded in the DAGMAN workflow log
11/14/19 09:20:16 Mask for workflow log is 0,1,2,4,5,7,9,10,11,12,13,16,17,24,27
11/14/19 09:20:16 submitting: /usr/bin/condor_submit -a dag_node_name' '=' 'python3_ID0000005 -a +DAGManJobId' '=' '10796859 -a DAGManJobId' '=' '10796859 -batch-name split-0.dag+10796859 -a submit_event_notes' '=' 'DAG' 'Node:' 'python3_ID0000005 -a dagman_log' '=' '/lustre/work/csesd/pnnguyen/pics2predictions/submit/pnnguyen/pegasus/split/20191114T091938-0600/./split-0.dag.nodes.log -a +DAGManNodesMask' '=' '"0,1,2,4,5,7,9,10,11,12,13,16,17,24,27" -a priority=10 -a +DAGNodeRetry' '=' '0 -a DAG_STATUS' '=' '0 -a FAILED_COUNT' '=' '0 -a +KeepClaimIdle' '=' '20 -a notification' '=' 'never -a +DAGParentNodeNames' '=' '"create_dir_split_0_local-hcc" 00/00/python3_ID0000005.sub
11/14/19 09:20:16 From submit: Submitting job(s).
11/14/19 09:20:16 From submit: 1 job(s) submitted to cluster 10796863.
11/14/19 09:20:16 	assigned HTCondor ID (10796863.0.0)
11/14/19 09:20:16 Submitting HTCondor Node python3_ID0000007 job(s)...
11/14/19 09:20:16 Adding a DAGMan workflow log /lustre/work/csesd/pnnguyen/pics2predictions/submit/pnnguyen/pegasus/split/20191114T091938-0600/./split-0.dag.nodes.log
11/14/19 09:20:16 Masking the events recorded in the DAGMAN workflow log
11/14/19 09:20:16 Mask for workflow log is 0,1,2,4,5,7,9,10,11,12,13,16,17,24,27
11/14/19 09:20:16 submitting: /usr/bin/condor_submit -a dag_node_name' '=' 'python3_ID0000007 -a +DAGManJobId' '=' '10796859 -a DAGManJobId' '=' '10796859 -batch-name split-0.dag+10796859 -a submit_event_notes' '=' 'DAG' 'Node:' 'python3_ID0000007 -a dagman_log' '=' '/lustre/work/csesd/pnnguyen/pics2predictions/submit/pnnguyen/pegasus/split/20191114T091938-0600/./split-0.dag.nodes.log -a +DAGManNodesMask' '=' '"0,1,2,4,5,7,9,10,11,12,13,16,17,24,27" -a priority=10 -a +DAGNodeRetry' '=' '0 -a DAG_STATUS' '=' '0 -a FAILED_COUNT' '=' '0 -a +KeepClaimIdle' '=' '20 -a notification' '=' 'never -a +DAGParentNodeNames' '=' '"create_dir_split_0_local-hcc" 00/00/python3_ID0000007.sub
11/14/19 09:20:16 From submit: Submitting job(s).
11/14/19 09:20:16 From submit: 1 job(s) submitted to cluster 10796864.
11/14/19 09:20:16 	assigned HTCondor ID (10796864.0.0)
11/14/19 09:20:16 Submitting HTCondor Node python3_ID0000001 job(s)...
11/14/19 09:20:16 Adding a DAGMan workflow log /lustre/work/csesd/pnnguyen/pics2predictions/submit/pnnguyen/pegasus/split/20191114T091938-0600/./split-0.dag.nodes.log
11/14/19 09:20:16 Masking the events recorded in the DAGMAN workflow log
11/14/19 09:20:16 Mask for workflow log is 0,1,2,4,5,7,9,10,11,12,13,16,17,24,27
11/14/19 09:20:16 submitting: /usr/bin/condor_submit -a dag_node_name' '=' 'python3_ID0000001 -a +DAGManJobId' '=' '10796859 -a DAGManJobId' '=' '10796859 -batch-name split-0.dag+10796859 -a submit_event_notes' '=' 'DAG' 'Node:' 'python3_ID0000001 -a dagman_log' '=' '/lustre/work/csesd/pnnguyen/pics2predictions/submit/pnnguyen/pegasus/split/20191114T091938-0600/./split-0.dag.nodes.log -a +DAGManNodesMask' '=' '"0,1,2,4,5,7,9,10,11,12,13,16,17,24,27" -a priority=10 -a +DAGNodeRetry' '=' '0 -a DAG_STATUS' '=' '0 -a FAILED_COUNT' '=' '0 -a +KeepClaimIdle' '=' '20 -a notification' '=' 'never -a +DAGParentNodeNames' '=' '"create_dir_split_0_local-hcc" 00/00/python3_ID0000001.sub
11/14/19 09:20:16 From submit: Submitting job(s).
11/14/19 09:20:16 From submit: 1 job(s) submitted to cluster 10796865.
11/14/19 09:20:16 	assigned HTCondor ID (10796865.0.0)
11/14/19 09:20:16 Just submitted 5 jobs this cycle...
11/14/19 09:20:16 DAG status: 0 (DAG_STATUS_OK)
11/14/19 09:20:16 Of 13 nodes total:
11/14/19 09:20:16  Done     Pre   Queued    Post   Ready   Un-Ready   Failed
11/14/19 09:20:16   ===     ===      ===     ===     ===        ===      ===
11/14/19 09:20:16     1       0        5       0       0          7        0
11/14/19 09:20:16 0 job proc(s) currently held
11/14/19 09:20:21 Currently monitoring 1 HTCondor log file(s)
11/14/19 09:20:21 Reassigning the id of job stage_in_local_local-hcc_1_0 from (10796861.0.0) to (10796861.0.0)
11/14/19 09:20:21 Event: ULOG_SUBMIT for HTCondor Node stage_in_local_local-hcc_1_0 (10796861.0.0) {11/14/19 09:20:15}
11/14/19 09:20:21 Number of idle job procs: 1
11/14/19 09:20:21 Event: ULOG_EXECUTE for HTCondor Node stage_in_local_local-hcc_1_0 (10796861.0.0) {11/14/19 09:20:16}
11/14/19 09:20:21 Number of idle job procs: 0
11/14/19 09:20:21 Reassigning the id of job python3_ID0000003 from (10796862.0.0) to (10796862.0.0)
11/14/19 09:20:21 Event: ULOG_SUBMIT for HTCondor Node python3_ID0000003 (10796862.0.0) {11/14/19 09:20:16}
11/14/19 09:20:21 Number of idle job procs: 1
11/14/19 09:20:21 Reassigning the id of job python3_ID0000005 from (10796863.0.0) to (10796863.0.0)
11/14/19 09:20:21 Event: ULOG_SUBMIT for HTCondor Node python3_ID0000005 (10796863.0.0) {11/14/19 09:20:16}
11/14/19 09:20:21 Number of idle job procs: 2
11/14/19 09:20:21 Reassigning the id of job python3_ID0000007 from (10796864.0.0) to (10796864.0.0)
11/14/19 09:20:21 Event: ULOG_SUBMIT for HTCondor Node python3_ID0000007 (10796864.0.0) {11/14/19 09:20:16}
11/14/19 09:20:21 Number of idle job procs: 3
11/14/19 09:20:21 Reassigning the id of job python3_ID0000001 from (10796865.0.0) to (10796865.0.0)
11/14/19 09:20:21 Event: ULOG_SUBMIT for HTCondor Node python3_ID0000001 (10796865.0.0) {11/14/19 09:20:16}
11/14/19 09:20:21 Number of idle job procs: 4
11/14/19 09:20:21 Event: ULOG_JOB_TERMINATED for HTCondor Node stage_in_local_local-hcc_1_0 (10796861.0.0) {11/14/19 09:20:20}
11/14/19 09:20:21 Number of idle job procs: 4
11/14/19 09:20:21 Node stage_in_local_local-hcc_1_0 job proc (10796861.0.0) completed successfully.
11/14/19 09:20:21 Node stage_in_local_local-hcc_1_0 job completed
11/14/19 09:20:21 Running POST script of Node stage_in_local_local-hcc_1_0...
11/14/19 09:20:21 Warning: mysin has length 0 (ignore if produced by DAGMan; see gittrac #4987, #5031)
11/14/19 09:20:21 DAG status: 0 (DAG_STATUS_OK)
11/14/19 09:20:21 Of 13 nodes total:
11/14/19 09:20:21  Done     Pre   Queued    Post   Ready   Un-Ready   Failed
11/14/19 09:20:21   ===     ===      ===     ===     ===        ===      ===
11/14/19 09:20:21     1       0        4       1       0          7        0
11/14/19 09:20:21 0 job proc(s) currently held
11/14/19 09:20:21 Initializing user log writer for /lustre/work/csesd/pnnguyen/pics2predictions/submit/pnnguyen/pegasus/split/20191114T091938-0600/./split-0.dag.nodes.log, (10796861.0.0)
11/14/19 09:20:26 Currently monitoring 1 HTCondor log file(s)
11/14/19 09:20:26 Event: ULOG_POST_SCRIPT_TERMINATED for HTCondor Node stage_in_local_local-hcc_1_0 (10796861.0.0) {11/14/19 09:20:21}
11/14/19 09:20:26 POST Script of node stage_in_local_local-hcc_1_0 completed successfully.
11/14/19 09:20:26 DAG status: 0 (DAG_STATUS_OK)
11/14/19 09:20:26 Of 13 nodes total:
11/14/19 09:20:26  Done     Pre   Queued    Post   Ready   Un-Ready   Failed
11/14/19 09:20:26   ===     ===      ===     ===     ===        ===      ===
11/14/19 09:20:26     2       0        4       0       0          7        0
11/14/19 09:20:26 0 job proc(s) currently held
11/14/19 09:20:41 Currently monitoring 1 HTCondor log file(s)
11/14/19 09:20:41 Event: ULOG_GRID_SUBMIT for HTCondor Node python3_ID0000005 (10796863.0.0) {11/14/19 09:20:37}
11/14/19 09:20:41 Event: ULOG_GRID_SUBMIT for HTCondor Node python3_ID0000003 (10796862.0.0) {11/14/19 09:20:37}
11/14/19 09:20:41 Event: ULOG_GRID_SUBMIT for HTCondor Node python3_ID0000007 (10796864.0.0) {11/14/19 09:20:38}
11/14/19 09:20:41 Event: ULOG_GRID_SUBMIT for HTCondor Node python3_ID0000001 (10796865.0.0) {11/14/19 09:20:38}
11/14/19 09:22:46 Currently monitoring 1 HTCondor log file(s)
11/14/19 09:22:46 Event: ULOG_JOB_TERMINATED for HTCondor Node python3_ID0000001 (10796865.0.0) {11/14/19 09:22:43}
11/14/19 09:22:46 Number of idle job procs: 3
11/14/19 09:22:46 Node python3_ID0000001 job proc (10796865.0.0) completed successfully.
11/14/19 09:22:46 Node python3_ID0000001 job completed
11/14/19 09:22:46 Running POST script of Node python3_ID0000001...
11/14/19 09:22:46 Warning: mysin has length 0 (ignore if produced by DAGMan; see gittrac #4987, #5031)
11/14/19 09:22:46 DAG status: 0 (DAG_STATUS_OK)
11/14/19 09:22:46 Of 13 nodes total:
11/14/19 09:22:46  Done     Pre   Queued    Post   Ready   Un-Ready   Failed
11/14/19 09:22:46   ===     ===      ===     ===     ===        ===      ===
11/14/19 09:22:46     2       0        3       1       0          7        0
11/14/19 09:22:46 0 job proc(s) currently held
11/14/19 09:22:46 Initializing user log writer for /lustre/work/csesd/pnnguyen/pics2predictions/submit/pnnguyen/pegasus/split/20191114T091938-0600/./split-0.dag.nodes.log, (10796865.0.0)
11/14/19 09:22:51 Currently monitoring 1 HTCondor log file(s)
11/14/19 09:22:51 Event: ULOG_POST_SCRIPT_TERMINATED for HTCondor Node python3_ID0000001 (10796865.0.0) {11/14/19 09:22:46}
11/14/19 09:22:51 POST Script of node python3_ID0000001 completed successfully.
11/14/19 09:22:51 Event: ULOG_JOB_TERMINATED for HTCondor Node python3_ID0000005 (10796863.0.0) {11/14/19 09:22:49}
11/14/19 09:22:51 Number of idle job procs: 2
11/14/19 09:22:51 Node python3_ID0000005 job proc (10796863.0.0) completed successfully.
11/14/19 09:22:51 Node python3_ID0000005 job completed
11/14/19 09:22:51 Running POST script of Node python3_ID0000005...
11/14/19 09:22:51 Warning: mysin has length 0 (ignore if produced by DAGMan; see gittrac #4987, #5031)
11/14/19 09:22:51 Event: ULOG_JOB_TERMINATED for HTCondor Node python3_ID0000007 (10796864.0.0) {11/14/19 09:22:49}
11/14/19 09:22:51 Number of idle job procs: 1
11/14/19 09:22:51 Node python3_ID0000007 job proc (10796864.0.0) completed successfully.
11/14/19 09:22:51 Node python3_ID0000007 job completed
11/14/19 09:22:51 Running POST script of Node python3_ID0000007...
11/14/19 09:22:51 Warning: mysin has length 0 (ignore if produced by DAGMan; see gittrac #4987, #5031)
11/14/19 09:22:51 Event: ULOG_JOB_TERMINATED for HTCondor Node python3_ID0000003 (10796862.0.0) {11/14/19 09:22:49}
11/14/19 09:22:51 Number of idle job procs: 0
11/14/19 09:22:51 Node python3_ID0000003 job proc (10796862.0.0) completed successfully.
11/14/19 09:22:51 Node python3_ID0000003 job completed
11/14/19 09:22:51 Running POST script of Node python3_ID0000003...
11/14/19 09:22:51 Warning: mysin has length 0 (ignore if produced by DAGMan; see gittrac #4987, #5031)
11/14/19 09:22:51 DAG status: 0 (DAG_STATUS_OK)
11/14/19 09:22:51 Of 13 nodes total:
11/14/19 09:22:51  Done     Pre   Queued    Post   Ready   Un-Ready   Failed
11/14/19 09:22:51   ===     ===      ===     ===     ===        ===      ===
11/14/19 09:22:51     3       0        0       3       1          6        0
11/14/19 09:22:51 0 job proc(s) currently held
11/14/19 09:22:52 Initializing user log writer for /lustre/work/csesd/pnnguyen/pics2predictions/submit/pnnguyen/pegasus/split/20191114T091938-0600/./split-0.dag.nodes.log, (10796862.0.0)
11/14/19 09:22:52 Initializing user log writer for /lustre/work/csesd/pnnguyen/pics2predictions/submit/pnnguyen/pegasus/split/20191114T091938-0600/./split-0.dag.nodes.log, (10796863.0.0)
11/14/19 09:22:52 Initializing user log writer for /lustre/work/csesd/pnnguyen/pics2predictions/submit/pnnguyen/pegasus/split/20191114T091938-0600/./split-0.dag.nodes.log, (10796864.0.0)
11/14/19 09:22:56 Submitting HTCondor Node python3_ID0000002 job(s)...
11/14/19 09:22:56 Adding a DAGMan workflow log /lustre/work/csesd/pnnguyen/pics2predictions/submit/pnnguyen/pegasus/split/20191114T091938-0600/./split-0.dag.nodes.log
11/14/19 09:22:56 Masking the events recorded in the DAGMAN workflow log
11/14/19 09:22:56 Mask for workflow log is 0,1,2,4,5,7,9,10,11,12,13,16,17,24,27
11/14/19 09:22:56 submitting: /usr/bin/condor_submit -a dag_node_name' '=' 'python3_ID0000002 -a +DAGManJobId' '=' '10796859 -a DAGManJobId' '=' '10796859 -batch-name split-0.dag+10796859 -a submit_event_notes' '=' 'DAG' 'Node:' 'python3_ID0000002 -a dagman_log' '=' '/lustre/work/csesd/pnnguyen/pics2predictions/submit/pnnguyen/pegasus/split/20191114T091938-0600/./split-0.dag.nodes.log -a +DAGManNodesMask' '=' '"0,1,2,4,5,7,9,10,11,12,13,16,17,24,27" -a priority=20 -a +DAGNodeRetry' '=' '0 -a DAG_STATUS' '=' '0 -a FAILED_COUNT' '=' '0 -a +KeepClaimIdle' '=' '20 -a notification' '=' 'never -a +DAGParentNodeNames' '=' '"stage_in_local_local-hcc_1_0,python3_ID0000001" 00/00/python3_ID0000002.sub
11/14/19 09:22:56 From submit: Submitting job(s).
11/14/19 09:22:56 From submit: 1 job(s) submitted to cluster 10796866.
11/14/19 09:22:56 	assigned HTCondor ID (10796866.0.0)
11/14/19 09:22:56 Just submitted 1 job this cycle...
11/14/19 09:22:56 Currently monitoring 1 HTCondor log file(s)
11/14/19 09:22:56 Event: ULOG_POST_SCRIPT_TERMINATED for HTCondor Node python3_ID0000003 (10796862.0.0) {11/14/19 09:22:52}
11/14/19 09:22:56 POST Script of node python3_ID0000003 completed successfully.
11/14/19 09:22:56 Event: ULOG_POST_SCRIPT_TERMINATED for HTCondor Node python3_ID0000005 (10796863.0.0) {11/14/19 09:22:52}
11/14/19 09:22:56 POST Script of node python3_ID0000005 completed successfully.
11/14/19 09:22:56 Event: ULOG_POST_SCRIPT_TERMINATED for HTCondor Node python3_ID0000007 (10796864.0.0) {11/14/19 09:22:52}
11/14/19 09:22:56 POST Script of node python3_ID0000007 completed successfully.
11/14/19 09:22:56 Reassigning the id of job python3_ID0000002 from (10796866.0.0) to (10796866.0.0)
11/14/19 09:22:56 Event: ULOG_SUBMIT for HTCondor Node python3_ID0000002 (10796866.0.0) {11/14/19 09:22:56}
11/14/19 09:22:56 Number of idle job procs: 1
11/14/19 09:22:56 DAG status: 0 (DAG_STATUS_OK)
11/14/19 09:22:56 Of 13 nodes total:
11/14/19 09:22:56  Done     Pre   Queued    Post   Ready   Un-Ready   Failed
11/14/19 09:22:56   ===     ===      ===     ===     ===        ===      ===
11/14/19 09:22:56     6       0        1       0       3          3        0
11/14/19 09:22:56 0 job proc(s) currently held
11/14/19 09:23:01 Submitting HTCondor Node python3_ID0000004 job(s)...
11/14/19 09:23:01 Adding a DAGMan workflow log /lustre/work/csesd/pnnguyen/pics2predictions/submit/pnnguyen/pegasus/split/20191114T091938-0600/./split-0.dag.nodes.log
11/14/19 09:23:01 Masking the events recorded in the DAGMAN workflow log
11/14/19 09:23:01 Mask for workflow log is 0,1,2,4,5,7,9,10,11,12,13,16,17,24,27
11/14/19 09:23:01 submitting: /usr/bin/condor_submit -a dag_node_name' '=' 'python3_ID0000004 -a +DAGManJobId' '=' '10796859 -a DAGManJobId' '=' '10796859 -batch-name split-0.dag+10796859 -a submit_event_notes' '=' 'DAG' 'Node:' 'python3_ID0000004 -a dagman_log' '=' '/lustre/work/csesd/pnnguyen/pics2predictions/submit/pnnguyen/pegasus/split/20191114T091938-0600/./split-0.dag.nodes.log -a +DAGManNodesMask' '=' '"0,1,2,4,5,7,9,10,11,12,13,16,17,24,27" -a priority=20 -a +DAGNodeRetry' '=' '0 -a DAG_STATUS' '=' '0 -a FAILED_COUNT' '=' '0 -a +KeepClaimIdle' '=' '20 -a notification' '=' 'never -a +DAGParentNodeNames' '=' '"python3_ID0000003,stage_in_local_local-hcc_1_0" 00/00/python3_ID0000004.sub
11/14/19 09:23:01 From submit: Submitting job(s).
11/14/19 09:23:01 From submit: 1 job(s) submitted to cluster 10796867.
11/14/19 09:23:01 	assigned HTCondor ID (10796867.0.0)
11/14/19 09:23:01 Submitting HTCondor Node python3_ID0000006 job(s)...
11/14/19 09:23:01 Adding a DAGMan workflow log /lustre/work/csesd/pnnguyen/pics2predictions/submit/pnnguyen/pegasus/split/20191114T091938-0600/./split-0.dag.nodes.log
11/14/19 09:23:01 Masking the events recorded in the DAGMAN workflow log
11/14/19 09:23:01 Mask for workflow log is 0,1,2,4,5,7,9,10,11,12,13,16,17,24,27
11/14/19 09:23:01 submitting: /usr/bin/condor_submit -a dag_node_name' '=' 'python3_ID0000006 -a +DAGManJobId' '=' '10796859 -a DAGManJobId' '=' '10796859 -batch-name split-0.dag+10796859 -a submit_event_notes' '=' 'DAG' 'Node:' 'python3_ID0000006 -a dagman_log' '=' '/lustre/work/csesd/pnnguyen/pics2predictions/submit/pnnguyen/pegasus/split/20191114T091938-0600/./split-0.dag.nodes.log -a +DAGManNodesMask' '=' '"0,1,2,4,5,7,9,10,11,12,13,16,17,24,27" -a priority=20 -a +DAGNodeRetry' '=' '0 -a DAG_STATUS' '=' '0 -a FAILED_COUNT' '=' '0 -a +KeepClaimIdle' '=' '20 -a notification' '=' 'never -a +DAGParentNodeNames' '=' '"python3_ID0000005,stage_in_local_local-hcc_1_0" 00/00/python3_ID0000006.sub
11/14/19 09:23:01 From submit: Submitting job(s).
11/14/19 09:23:01 From submit: 1 job(s) submitted to cluster 10796868.
11/14/19 09:23:01 	assigned HTCondor ID (10796868.0.0)
11/14/19 09:23:01 Submitting HTCondor Node python3_ID0000008 job(s)...
11/14/19 09:23:01 Adding a DAGMan workflow log /lustre/work/csesd/pnnguyen/pics2predictions/submit/pnnguyen/pegasus/split/20191114T091938-0600/./split-0.dag.nodes.log
11/14/19 09:23:01 Masking the events recorded in the DAGMAN workflow log
11/14/19 09:23:01 Mask for workflow log is 0,1,2,4,5,7,9,10,11,12,13,16,17,24,27
11/14/19 09:23:01 submitting: /usr/bin/condor_submit -a dag_node_name' '=' 'python3_ID0000008 -a +DAGManJobId' '=' '10796859 -a DAGManJobId' '=' '10796859 -batch-name split-0.dag+10796859 -a submit_event_notes' '=' 'DAG' 'Node:' 'python3_ID0000008 -a dagman_log' '=' '/lustre/work/csesd/pnnguyen/pics2predictions/submit/pnnguyen/pegasus/split/20191114T091938-0600/./split-0.dag.nodes.log -a +DAGManNodesMask' '=' '"0,1,2,4,5,7,9,10,11,12,13,16,17,24,27" -a priority=20 -a +DAGNodeRetry' '=' '0 -a DAG_STATUS' '=' '0 -a FAILED_COUNT' '=' '0 -a +KeepClaimIdle' '=' '20 -a notification' '=' 'never -a +DAGParentNodeNames' '=' '"python3_ID0000007,stage_in_local_local-hcc_1_0" 00/00/python3_ID0000008.sub
11/14/19 09:23:02 From submit: Submitting job(s).
11/14/19 09:23:02 From submit: 1 job(s) submitted to cluster 10796869.
11/14/19 09:23:02 	assigned HTCondor ID (10796869.0.0)
11/14/19 09:23:02 Just submitted 3 jobs this cycle...
11/14/19 09:23:02 Currently monitoring 1 HTCondor log file(s)
11/14/19 09:23:02 Reassigning the id of job python3_ID0000004 from (10796867.0.0) to (10796867.0.0)
11/14/19 09:23:02 Event: ULOG_SUBMIT for HTCondor Node python3_ID0000004 (10796867.0.0) {11/14/19 09:23:01}
11/14/19 09:23:02 Number of idle job procs: 2
11/14/19 09:23:02 Reassigning the id of job python3_ID0000006 from (10796868.0.0) to (10796868.0.0)
11/14/19 09:23:02 Event: ULOG_SUBMIT for HTCondor Node python3_ID0000006 (10796868.0.0) {11/14/19 09:23:01}
11/14/19 09:23:02 Number of idle job procs: 3
11/14/19 09:23:02 Reassigning the id of job python3_ID0000008 from (10796869.0.0) to (10796869.0.0)
11/14/19 09:23:02 Event: ULOG_SUBMIT for HTCondor Node python3_ID0000008 (10796869.0.0) {11/14/19 09:23:02}
11/14/19 09:23:02 Number of idle job procs: 4
11/14/19 09:23:02 DAG status: 0 (DAG_STATUS_OK)
11/14/19 09:23:02 Of 13 nodes total:
11/14/19 09:23:02  Done     Pre   Queued    Post   Ready   Un-Ready   Failed
11/14/19 09:23:02   ===     ===      ===     ===     ===        ===      ===
11/14/19 09:23:02     6       0        4       0       0          3        0
11/14/19 09:23:02 0 job proc(s) currently held
11/14/19 09:23:07 Currently monitoring 1 HTCondor log file(s)
11/14/19 09:23:07 Event: ULOG_GRID_SUBMIT for HTCondor Node python3_ID0000002 (10796866.0.0) {11/14/19 09:23:04}
11/14/19 09:23:17 Currently monitoring 1 HTCondor log file(s)
11/14/19 09:23:17 Event: ULOG_GRID_SUBMIT for HTCondor Node python3_ID0000008 (10796869.0.0) {11/14/19 09:23:16}
11/14/19 09:23:17 Event: ULOG_GRID_SUBMIT for HTCondor Node python3_ID0000006 (10796868.0.0) {11/14/19 09:23:16}
11/14/19 09:23:17 Event: ULOG_GRID_SUBMIT for HTCondor Node python3_ID0000004 (10796867.0.0) {11/14/19 09:23:16}
11/14/19 09:25:12 Currently monitoring 1 HTCondor log file(s)
11/14/19 09:25:12 Event: ULOG_JOB_TERMINATED for HTCondor Node python3_ID0000002 (10796866.0.0) {11/14/19 09:25:12}
11/14/19 09:25:12 Number of idle job procs: 3
11/14/19 09:25:12 Node python3_ID0000002 job proc (10796866.0.0) completed successfully.
11/14/19 09:25:12 Node python3_ID0000002 job completed
11/14/19 09:25:12 Running POST script of Node python3_ID0000002...
11/14/19 09:25:12 Warning: mysin has length 0 (ignore if produced by DAGMan; see gittrac #4987, #5031)
11/14/19 09:25:12 DAG status: 0 (DAG_STATUS_OK)
11/14/19 09:25:12 Of 13 nodes total:
11/14/19 09:25:12  Done     Pre   Queued    Post   Ready   Un-Ready   Failed
11/14/19 09:25:12   ===     ===      ===     ===     ===        ===      ===
11/14/19 09:25:12     6       0        3       1       0          3        0
11/14/19 09:25:12 0 job proc(s) currently held
11/14/19 09:25:12 Initializing user log writer for /lustre/work/csesd/pnnguyen/pics2predictions/submit/pnnguyen/pegasus/split/20191114T091938-0600/./split-0.dag.nodes.log, (10796866.0.0)
11/14/19 09:25:17 Currently monitoring 1 HTCondor log file(s)
11/14/19 09:25:17 Event: ULOG_POST_SCRIPT_TERMINATED for HTCondor Node python3_ID0000002 (10796866.0.0) {11/14/19 09:25:12}
11/14/19 09:25:17 POST Script of node python3_ID0000002 completed successfully.
11/14/19 09:25:17 DAG status: 0 (DAG_STATUS_OK)
11/14/19 09:25:17 Of 13 nodes total:
11/14/19 09:25:17  Done     Pre   Queued    Post   Ready   Un-Ready   Failed
11/14/19 09:25:17   ===     ===      ===     ===     ===        ===      ===
11/14/19 09:25:17     7       0        3       0       0          3        0
11/14/19 09:25:17 0 job proc(s) currently held
11/14/19 09:25:27 Currently monitoring 1 HTCondor log file(s)
11/14/19 09:25:27 Event: ULOG_JOB_TERMINATED for HTCondor Node python3_ID0000004 (10796867.0.0) {11/14/19 09:25:23}
11/14/19 09:25:27 Number of idle job procs: 2
11/14/19 09:25:27 Node python3_ID0000004 job proc (10796867.0.0) completed successfully.
11/14/19 09:25:27 Node python3_ID0000004 job completed
11/14/19 09:25:27 Running POST script of Node python3_ID0000004...
11/14/19 09:25:27 Warning: mysin has length 0 (ignore if produced by DAGMan; see gittrac #4987, #5031)
11/14/19 09:25:27 Event: ULOG_JOB_TERMINATED for HTCondor Node python3_ID0000006 (10796868.0.0) {11/14/19 09:25:23}
11/14/19 09:25:27 Number of idle job procs: 1
11/14/19 09:25:27 Node python3_ID0000006 job proc (10796868.0.0) completed successfully.
11/14/19 09:25:27 Node python3_ID0000006 job completed
11/14/19 09:25:27 Running POST script of Node python3_ID0000006...
11/14/19 09:25:27 Warning: mysin has length 0 (ignore if produced by DAGMan; see gittrac #4987, #5031)
11/14/19 09:25:27 Event: ULOG_JOB_TERMINATED for HTCondor Node python3_ID0000008 (10796869.0.0) {11/14/19 09:25:23}
11/14/19 09:25:27 Number of idle job procs: 0
11/14/19 09:25:27 Node python3_ID0000008 job proc (10796869.0.0) completed successfully.
11/14/19 09:25:27 Node python3_ID0000008 job completed
11/14/19 09:25:27 Running POST script of Node python3_ID0000008...
11/14/19 09:25:27 Warning: mysin has length 0 (ignore if produced by DAGMan; see gittrac #4987, #5031)
11/14/19 09:25:27 DAG status: 0 (DAG_STATUS_OK)
11/14/19 09:25:27 Of 13 nodes total:
11/14/19 09:25:27  Done     Pre   Queued    Post   Ready   Un-Ready   Failed
11/14/19 09:25:27   ===     ===      ===     ===     ===        ===      ===
11/14/19 09:25:27     7       0        0       3       0          3        0
11/14/19 09:25:27 0 job proc(s) currently held
11/14/19 09:25:28 Initializing user log writer for /lustre/work/csesd/pnnguyen/pics2predictions/submit/pnnguyen/pegasus/split/20191114T091938-0600/./split-0.dag.nodes.log, (10796869.0.0)
11/14/19 09:25:28 Initializing user log writer for /lustre/work/csesd/pnnguyen/pics2predictions/submit/pnnguyen/pegasus/split/20191114T091938-0600/./split-0.dag.nodes.log, (10796867.0.0)
11/14/19 09:25:28 Initializing user log writer for /lustre/work/csesd/pnnguyen/pics2predictions/submit/pnnguyen/pegasus/split/20191114T091938-0600/./split-0.dag.nodes.log, (10796868.0.0)
11/14/19 09:25:32 Currently monitoring 1 HTCondor log file(s)
11/14/19 09:25:32 Event: ULOG_POST_SCRIPT_TERMINATED for HTCondor Node python3_ID0000008 (10796869.0.0) {11/14/19 09:25:28}
11/14/19 09:25:32 POST Script of node python3_ID0000008 completed successfully.
11/14/19 09:25:32 Event: ULOG_POST_SCRIPT_TERMINATED for HTCondor Node python3_ID0000004 (10796867.0.0) {11/14/19 09:25:28}
11/14/19 09:25:32 POST Script of node python3_ID0000004 completed successfully.
11/14/19 09:25:32 Event: ULOG_POST_SCRIPT_TERMINATED for HTCondor Node python3_ID0000006 (10796868.0.0) {11/14/19 09:25:28}
11/14/19 09:25:32 POST Script of node python3_ID0000006 completed successfully.
11/14/19 09:25:32 DAG status: 0 (DAG_STATUS_OK)
11/14/19 09:25:32 Of 13 nodes total:
11/14/19 09:25:32  Done     Pre   Queued    Post   Ready   Un-Ready   Failed
11/14/19 09:25:32   ===     ===      ===     ===     ===        ===      ===
11/14/19 09:25:32    10       0        0       0       1          2        0
11/14/19 09:25:32 0 job proc(s) currently held
11/14/19 09:25:37 Submitting HTCondor Node stage_out_local_local-hcc_1_0 job(s)...
11/14/19 09:25:37 Adding a DAGMan workflow log /lustre/work/csesd/pnnguyen/pics2predictions/submit/pnnguyen/pegasus/split/20191114T091938-0600/./split-0.dag.nodes.log
11/14/19 09:25:37 Masking the events recorded in the DAGMAN workflow log
11/14/19 09:25:37 Mask for workflow log is 0,1,2,4,5,7,9,10,11,12,13,16,17,24,27
11/14/19 09:25:37 submitting: /usr/bin/condor_submit -a dag_node_name' '=' 'stage_out_local_local-hcc_1_0 -a +DAGManJobId' '=' '10796859 -a DAGManJobId' '=' '10796859 -batch-name split-0.dag+10796859 -a submit_event_notes' '=' 'DAG' 'Node:' 'stage_out_local_local-hcc_1_0 -a dagman_log' '=' '/lustre/work/csesd/pnnguyen/pics2predictions/submit/pnnguyen/pegasus/split/20191114T091938-0600/./split-0.dag.nodes.log -a +DAGManNodesMask' '=' '"0,1,2,4,5,7,9,10,11,12,13,16,17,24,27" -a priority=900 -a +DAGNodeRetry' '=' '0 -a DAG_STATUS' '=' '0 -a FAILED_COUNT' '=' '0 -a +KeepClaimIdle' '=' '20 -a notification' '=' 'never -a +DAGParentNodeNames' '=' '"python3_ID0000004,python3_ID0000006,python3_ID0000008,python3_ID0000002" 00/00/stage_out_local_local-hcc_1_0.sub
11/14/19 09:25:37 From submit: Submitting job(s).
11/14/19 09:25:37 From submit: 1 job(s) submitted to cluster 10796870.
11/14/19 09:25:37 	assigned HTCondor ID (10796870.0.0)
11/14/19 09:25:37 Just submitted 1 job this cycle...
11/14/19 09:25:37 DAG status: 0 (DAG_STATUS_OK)
11/14/19 09:25:37 Of 13 nodes total:
11/14/19 09:25:37  Done     Pre   Queued    Post   Ready   Un-Ready   Failed
11/14/19 09:25:37   ===     ===      ===     ===     ===        ===      ===
11/14/19 09:25:37    10       0        1       0       0          2        0
11/14/19 09:25:37 0 job proc(s) currently held
11/14/19 09:25:43 Currently monitoring 1 HTCondor log file(s)
11/14/19 09:25:43 Reassigning the id of job stage_out_local_local-hcc_1_0 from (10796870.0.0) to (10796870.0.0)
11/14/19 09:25:43 Event: ULOG_SUBMIT for HTCondor Node stage_out_local_local-hcc_1_0 (10796870.0.0) {11/14/19 09:25:37}
11/14/19 09:25:43 Number of idle job procs: 1
11/14/19 09:25:43 Event: ULOG_EXECUTE for HTCondor Node stage_out_local_local-hcc_1_0 (10796870.0.0) {11/14/19 09:25:38}
11/14/19 09:25:43 Number of idle job procs: 0
11/14/19 09:25:48 Currently monitoring 1 HTCondor log file(s)
11/14/19 09:25:48 Event: ULOG_JOB_TERMINATED for HTCondor Node stage_out_local_local-hcc_1_0 (10796870.0.0) {11/14/19 09:25:43}
11/14/19 09:25:48 Number of idle job procs: 0
11/14/19 09:25:48 Node stage_out_local_local-hcc_1_0 job proc (10796870.0.0) completed successfully.
11/14/19 09:25:48 Node stage_out_local_local-hcc_1_0 job completed
11/14/19 09:25:48 Running POST script of Node stage_out_local_local-hcc_1_0...
11/14/19 09:25:48 Warning: mysin has length 0 (ignore if produced by DAGMan; see gittrac #4987, #5031)
11/14/19 09:25:48 DAG status: 0 (DAG_STATUS_OK)
11/14/19 09:25:48 Of 13 nodes total:
11/14/19 09:25:48  Done     Pre   Queued    Post   Ready   Un-Ready   Failed
11/14/19 09:25:48   ===     ===      ===     ===     ===        ===      ===
11/14/19 09:25:48    10       0        0       1       0          2        0
11/14/19 09:25:48 0 job proc(s) currently held
11/14/19 09:25:48 Initializing user log writer for /lustre/work/csesd/pnnguyen/pics2predictions/submit/pnnguyen/pegasus/split/20191114T091938-0600/./split-0.dag.nodes.log, (10796870.0.0)
11/14/19 09:25:53 Currently monitoring 1 HTCondor log file(s)
11/14/19 09:25:53 Event: ULOG_POST_SCRIPT_TERMINATED for HTCondor Node stage_out_local_local-hcc_1_0 (10796870.0.0) {11/14/19 09:25:48}
11/14/19 09:25:53 POST Script of node stage_out_local_local-hcc_1_0 completed successfully.
11/14/19 09:25:53 DAG status: 0 (DAG_STATUS_OK)
11/14/19 09:25:53 Of 13 nodes total:
11/14/19 09:25:53  Done     Pre   Queued    Post   Ready   Un-Ready   Failed
11/14/19 09:25:53   ===     ===      ===     ===     ===        ===      ===
11/14/19 09:25:53    11       0        0       0       2          0        0
11/14/19 09:25:53 0 job proc(s) currently held
11/14/19 09:25:58 Submitting HTCondor Node cleanup_split_0_local-hcc job(s)...
11/14/19 09:25:58 Adding a DAGMan workflow log /lustre/work/csesd/pnnguyen/pics2predictions/submit/pnnguyen/pegasus/split/20191114T091938-0600/./split-0.dag.nodes.log
11/14/19 09:25:58 Masking the events recorded in the DAGMAN workflow log
11/14/19 09:25:58 Mask for workflow log is 0,1,2,4,5,7,9,10,11,12,13,16,17,24,27
11/14/19 09:25:58 submitting: /usr/bin/condor_submit -a dag_node_name' '=' 'cleanup_split_0_local-hcc -a +DAGManJobId' '=' '10796859 -a DAGManJobId' '=' '10796859 -batch-name split-0.dag+10796859 -a submit_event_notes' '=' 'DAG' 'Node:' 'cleanup_split_0_local-hcc -a dagman_log' '=' '/lustre/work/csesd/pnnguyen/pics2predictions/submit/pnnguyen/pegasus/split/20191114T091938-0600/./split-0.dag.nodes.log -a +DAGManNodesMask' '=' '"0,1,2,4,5,7,9,10,11,12,13,16,17,24,27" -a priority=1000 -a +DAGNodeRetry' '=' '0 -a DAG_STATUS' '=' '0 -a FAILED_COUNT' '=' '0 -a notification' '=' 'never -a +DAGParentNodeNames' '=' '"stage_out_local_local-hcc_1_0" 00/00/cleanup_split_0_local-hcc.sub
11/14/19 09:25:58 From submit: Submitting job(s).
11/14/19 09:25:58 From submit: 1 job(s) submitted to cluster 10796871.
11/14/19 09:25:58 	assigned HTCondor ID (10796871.0.0)
11/14/19 09:25:58 Submitting HTCondor Node register_local-hcc_1_0 job(s)...
11/14/19 09:25:58 Adding a DAGMan workflow log /lustre/work/csesd/pnnguyen/pics2predictions/submit/pnnguyen/pegasus/split/20191114T091938-0600/./split-0.dag.nodes.log
11/14/19 09:25:58 Masking the events recorded in the DAGMAN workflow log
11/14/19 09:25:58 Mask for workflow log is 0,1,2,4,5,7,9,10,11,12,13,16,17,24,27
11/14/19 09:25:58 submitting: /usr/bin/condor_submit -a dag_node_name' '=' 'register_local-hcc_1_0 -a +DAGManJobId' '=' '10796859 -a DAGManJobId' '=' '10796859 -batch-name split-0.dag+10796859 -a submit_event_notes' '=' 'DAG' 'Node:' 'register_local-hcc_1_0 -a dagman_log' '=' '/lustre/work/csesd/pnnguyen/pics2predictions/submit/pnnguyen/pegasus/split/20191114T091938-0600/./split-0.dag.nodes.log -a +DAGManNodesMask' '=' '"0,1,2,4,5,7,9,10,11,12,13,16,17,24,27" -a priority=40 -a +DAGNodeRetry' '=' '0 -a DAG_STATUS' '=' '0 -a FAILED_COUNT' '=' '0 -a notification' '=' 'never -a +DAGParentNodeNames' '=' '"stage_out_local_local-hcc_1_0" 00/00/register_local-hcc_1_0.sub
11/14/19 09:25:59 From submit: Submitting job(s).
11/14/19 09:25:59 From submit: 1 job(s) submitted to cluster 10796872.
11/14/19 09:25:59 	assigned HTCondor ID (10796872.0.0)
11/14/19 09:25:59 Just submitted 2 jobs this cycle...
11/14/19 09:25:59 DAG status: 0 (DAG_STATUS_OK)
11/14/19 09:25:59 Of 13 nodes total:
11/14/19 09:25:59  Done     Pre   Queued    Post   Ready   Un-Ready   Failed
11/14/19 09:25:59   ===     ===      ===     ===     ===        ===      ===
11/14/19 09:25:59    11       0        2       0       0          0        0
11/14/19 09:25:59 0 job proc(s) currently held
11/14/19 09:26:04 Currently monitoring 1 HTCondor log file(s)
11/14/19 09:26:04 Reassigning the id of job cleanup_split_0_local-hcc from (10796871.0.0) to (10796871.0.0)
11/14/19 09:26:04 Event: ULOG_SUBMIT for HTCondor Node cleanup_split_0_local-hcc (10796871.0.0) {11/14/19 09:25:58}
11/14/19 09:26:04 Number of idle job procs: 1
11/14/19 09:26:04 Event: ULOG_EXECUTE for HTCondor Node cleanup_split_0_local-hcc (10796871.0.0) {11/14/19 09:25:59}
11/14/19 09:26:04 Number of idle job procs: 0
11/14/19 09:26:04 Reassigning the id of job register_local-hcc_1_0 from (10796872.0.0) to (10796872.0.0)
11/14/19 09:26:04 Event: ULOG_SUBMIT for HTCondor Node register_local-hcc_1_0 (10796872.0.0) {11/14/19 09:25:59}
11/14/19 09:26:04 Number of idle job procs: 1
11/14/19 09:26:04 Event: ULOG_JOB_TERMINATED for HTCondor Node cleanup_split_0_local-hcc (10796871.0.0) {11/14/19 09:26:03}
11/14/19 09:26:04 Number of idle job procs: 1
11/14/19 09:26:04 Node cleanup_split_0_local-hcc job proc (10796871.0.0) completed successfully.
11/14/19 09:26:04 Node cleanup_split_0_local-hcc job completed
11/14/19 09:26:04 Running POST script of Node cleanup_split_0_local-hcc...
11/14/19 09:26:04 Warning: mysin has length 0 (ignore if produced by DAGMan; see gittrac #4987, #5031)
11/14/19 09:26:04 Event: ULOG_EXECUTE for HTCondor Node register_local-hcc_1_0 (10796872.0.0) {11/14/19 09:26:03}
11/14/19 09:26:04 Number of idle job procs: 0
11/14/19 09:26:04 DAG status: 0 (DAG_STATUS_OK)
11/14/19 09:26:04 Of 13 nodes total:
11/14/19 09:26:04  Done     Pre   Queued    Post   Ready   Un-Ready   Failed
11/14/19 09:26:04   ===     ===      ===     ===     ===        ===      ===
11/14/19 09:26:04    11       0        1       1       0          0        0
11/14/19 09:26:04 0 job proc(s) currently held
11/14/19 09:26:05 Initializing user log writer for /lustre/work/csesd/pnnguyen/pics2predictions/submit/pnnguyen/pegasus/split/20191114T091938-0600/./split-0.dag.nodes.log, (10796871.0.0)
11/14/19 09:26:09 Currently monitoring 1 HTCondor log file(s)
11/14/19 09:26:09 Event: ULOG_POST_SCRIPT_TERMINATED for HTCondor Node cleanup_split_0_local-hcc (10796871.0.0) {11/14/19 09:26:05}
11/14/19 09:26:09 POST Script of node cleanup_split_0_local-hcc completed successfully.
11/14/19 09:26:09 Event: ULOG_JOB_TERMINATED for HTCondor Node register_local-hcc_1_0 (10796872.0.0) {11/14/19 09:26:05}
11/14/19 09:26:09 Number of idle job procs: 0
11/14/19 09:26:09 Node register_local-hcc_1_0 job proc (10796872.0.0) completed successfully.
11/14/19 09:26:09 Node register_local-hcc_1_0 job completed
11/14/19 09:26:09 Running POST script of Node register_local-hcc_1_0...
11/14/19 09:26:09 Warning: mysin has length 0 (ignore if produced by DAGMan; see gittrac #4987, #5031)
11/14/19 09:26:09 DAG status: 0 (DAG_STATUS_OK)
11/14/19 09:26:09 Of 13 nodes total:
11/14/19 09:26:09  Done     Pre   Queued    Post   Ready   Un-Ready   Failed
11/14/19 09:26:09   ===     ===      ===     ===     ===        ===      ===
11/14/19 09:26:09    12       0        0       1       0          0        0
11/14/19 09:26:09 0 job proc(s) currently held
11/14/19 09:26:09 Initializing user log writer for /lustre/work/csesd/pnnguyen/pics2predictions/submit/pnnguyen/pegasus/split/20191114T091938-0600/./split-0.dag.nodes.log, (10796872.0.0)
11/14/19 09:26:14 Currently monitoring 1 HTCondor log file(s)
11/14/19 09:26:14 Event: ULOG_POST_SCRIPT_TERMINATED for HTCondor Node register_local-hcc_1_0 (10796872.0.0) {11/14/19 09:26:09}
11/14/19 09:26:14 POST Script of node register_local-hcc_1_0 completed successfully.
11/14/19 09:26:14 DAG status: 0 (DAG_STATUS_OK)
11/14/19 09:26:14 Of 13 nodes total:
11/14/19 09:26:14  Done     Pre   Queued    Post   Ready   Un-Ready   Failed
11/14/19 09:26:14   ===     ===      ===     ===     ===        ===      ===
11/14/19 09:26:14    13       0        0       0       0          0        0
11/14/19 09:26:14 0 job proc(s) currently held
11/14/19 09:26:14 All jobs Completed!
11/14/19 09:26:14 Note: 0 total job deferrals because of -MaxJobs limit (0)
11/14/19 09:26:14 Note: 0 total job deferrals because of -MaxIdle limit (1000)
11/14/19 09:26:14 Note: 0 total job deferrals because of node category throttles
11/14/19 09:26:14 Note: 0 total PRE script deferrals because of -MaxPre limit (20) or DEFER
11/14/19 09:26:14 Note: 0 total POST script deferrals because of -MaxPost limit (20) or DEFER
11/14/19 09:26:14 DAG status: 0 (DAG_STATUS_OK)
11/14/19 09:26:14 Of 13 nodes total:
11/14/19 09:26:14  Done     Pre   Queued    Post   Ready   Un-Ready   Failed
11/14/19 09:26:14   ===     ===      ===     ===     ===        ===      ===
11/14/19 09:26:14    13       0        0       0       0          0        0
11/14/19 09:26:14 0 job proc(s) currently held
11/14/19 09:26:14 Wrote metrics file split-0.dag.metrics.
11/14/19 09:26:14 Reporting metrics to Pegasus metrics server(s); output is in split-0.dag.metrics.out.
11/14/19 09:26:14 Running command </usr/libexec/condor/condor_dagman_metrics_reporter -f split-0.dag.metrics -t 100>
11/14/19 09:26:14 Warning: mysin has length 0 (ignore if produced by DAGMan; see gittrac #4987, #5031)
11/14/19 09:26:14 **** condor_scheduniv_exec.10796859.0 (condor_DAGMAN) pid 4054748 EXITING WITH STATUS 0
